2024-11-05 01:07:16,341 - INFO - Starting job search for keyword: professor
2024-11-05 01:07:23,600 - ERROR - Error updating CSV: No columns to parse from file
2024-11-05 01:07:23,603 - INFO - No new unique jobs found
2024-11-05 01:07:23,605 - INFO - Waiting 60 seconds before next search...
2024-11-05 01:08:23,606 - INFO - Scraping stopped by user
2024-11-05 01:13:21,062 - INFO - Starting job search for keyword: professor
2024-11-05 01:13:33,425 - ERROR - Error updating CSV: No columns to parse from file
2024-11-05 01:13:33,437 - INFO - No new unique jobs found
2024-11-05 01:13:33,439 - INFO - Waiting 60 seconds before next search...
2024-11-05 01:14:34,586 - ERROR - Error updating CSV: No columns to parse from file
2024-11-05 01:14:34,590 - INFO - No new unique jobs found
2024-11-05 01:14:34,592 - INFO - Waiting 60 seconds before next search...
2024-11-05 01:15:35,950 - ERROR - Error updating CSV: No columns to parse from file
2024-11-05 01:15:35,951 - INFO - No new unique jobs found
2024-11-05 01:15:35,952 - INFO - Waiting 60 seconds before next search...
2024-11-05 01:16:35,957 - INFO - Scraping stopped by user
2024-11-05 01:26:09,057 - INFO - Starting job search for keyword: analyst
2024-11-05 01:26:13,380 - INFO - Found 25 new jobs matching 'analyst'
2024-11-05 01:26:13,382 - INFO - Waiting 60 seconds before next search...
2024-11-05 01:27:16,596 - INFO - Found 25 new jobs matching 'analyst'
2024-11-05 01:27:16,599 - INFO - Waiting 60 seconds before next search...
2024-11-05 01:28:16,602 - INFO - Scraping stopped by user
2024-11-05 01:30:32,133 - INFO - Starting job search for keyword: professor
2024-11-05 01:30:35,185 - INFO - Found 25 new jobs matching 'professor'
2024-11-05 01:30:35,185 - INFO - Waiting 60 seconds before next search...
2024-11-05 01:31:35,191 - INFO - Scraping stopped by user
2024-11-05 01:31:42,302 - INFO - Starting job search for keyword: analyst
2024-11-05 01:31:48,249 - INFO - Found 25 new jobs matching 'analyst'
2024-11-05 01:31:48,251 - INFO - Waiting 60 seconds before next search...
